\BOOKMARK [0][]{part.1}{\376\377\000I\000\040\000S\000t\000a\000t\000i\000s\000t\000i\000c\000a\000l\000\040\000P\000h\000y\000s\000i\000c\000s}{}
\BOOKMARK [1][]{section.1}{\376\377\0001\000\040\000T\000h\000e\000\040\000I\000s\000o\000t\000h\000e\000r\000m\000a\000l\000\040\000A\000t\000m\000o\000s\000p\000h\000e\000r\000e}{part.1}
\BOOKMARK [2][-]{subsection.1.1}{\376\377\0001\000.\0001\000\040\000I\000d\000e\000a\000l\000\040\000G\000a\000s\000\040\000L\000a\000w}{section.1}
\BOOKMARK [2][-]{subsection.1.2}{\376\377\0001\000.\0002\000\040\000T\000h\000e\000\040\000A\000t\000m\000o\000s\000p\000h\000e\000r\000e}{section.1}
\BOOKMARK [2][-]{subsection.1.3}{\376\377\0001\000.\0003\000\040\000T\000h\000e\000\040\000B\000o\000l\000t\000z\000m\000a\000n\000n\000\040\000D\000i\000s\000t\000r\000i\000b\000u\000t\000i\000o\000n}{section.1}
\BOOKMARK [1][]{section.2}{\376\377\0002\000\040\000M\000o\000l\000e\000c\000u\000l\000a\000r\000\040\000V\000e\000l\000o\000c\000i\000t\000y\000\040\000a\000n\000d\000\040\000S\000p\000e\000e\000d\000\040\000D\000i\000s\000t\000r\000i\000b\000u\000t\000i\000o\000n\000s}{part.1}
\BOOKMARK [2][-]{subsection.2.1}{\376\377\0002\000.\0001\000\040\000D\000i\000s\000t\000r\000i\000b\000u\000t\000i\000o\000n\000s}{section.2}
\BOOKMARK [3][-]{subsubsection.2.1.1}{\376\377\0002\000.\0001\000.\0001\000\040\000D\000i\000s\000c\000r\000e\000t\000e\000\040\000D\000i\000s\000t\000r\000i\000b\000u\000t\000i\000o\000n\000s}{subsection.2.1}
\BOOKMARK [3][-]{subsubsection.2.1.2}{\376\377\0002\000.\0001\000.\0002\000\040\000C\000o\000n\000t\000i\000n\000u\000o\000u\000s\000\040\000D\000i\000s\000t\000r\000i\000b\000u\000t\000i\000o\000n\000s}{subsection.2.1}
\BOOKMARK [2][-]{subsection.2.2}{\376\377\0002\000.\0002\000\040\000V\000e\000l\000o\000c\000i\000t\000y\000\040\000D\000i\000s\000t\000r\000i\000b\000u\000t\000i\000o\000n}{section.2}
\BOOKMARK [2][-]{subsection.2.3}{\376\377\0002\000.\0003\000\040\000S\000p\000e\000e\000d\000\040\000D\000i\000s\000t\000r\000i\000b\000u\000t\000i\000o\000n}{section.2}
\BOOKMARK [2][-]{subsection.2.4}{\376\377\0002\000.\0004\000\040\000N\000o\000r\000m\000a\000l\000i\000s\000e\000d\000\040\000P\000r\000o\000b\000a\000b\000i\000l\000i\000t\000y\000\040\000D\000i\000s\000t\000r\000i\000b\000u\000t\000i\000o\000n\000s}{section.2}
\BOOKMARK [1][]{section.3}{\376\377\0003\000\040\000A\000v\000e\000r\000a\000g\000e\000s}{part.1}
\BOOKMARK [2][-]{subsection.3.1}{\376\377\0003\000.\0001\000\040\000D\000i\000s\000c\000r\000e\000t\000e\000\040\000D\000i\000s\000t\000r\000i\000b\000u\000t\000i\000o\000n\000s}{section.3}
\BOOKMARK [2][-]{subsection.3.2}{\376\377\0003\000.\0002\000\040\000C\000o\000n\000t\000i\000n\000u\000o\000u\000s\000\040\000D\000i\000s\000t\000r\000i\000b\000u\000t\000i\000o\000n\000s}{section.3}
\BOOKMARK [2][-]{subsection.3.3}{\376\377\0003\000.\0003\000\040\000K\000i\000n\000e\000t\000i\000c\000\040\000T\000h\000e\000o\000r\000y}{section.3}
\BOOKMARK [2][-]{subsection.3.4}{\376\377\0003\000.\0004\000\040\000E\000q\000u\000i\000p\000a\000r\000t\000i\000t\000i\000o\000n\000\040\000o\000f\000\040\000E\000n\000e\000r\000g\000y}{section.3}
\BOOKMARK [1][]{section.4}{\376\377\0004\000\040\000M\000o\000l\000e\000c\000u\000l\000a\000r\000\040\000C\000o\000l\000l\000i\000s\000i\000o\000n\000s}{part.1}
\BOOKMARK [2][-]{subsection.4.1}{\376\377\0004\000.\0001\000\040\000M\000o\000l\000e\000c\000u\000l\000a\000r\000\040\000C\000o\000l\000l\000i\000s\000i\000o\000n\000s\000\040\000w\000i\000t\000h\000\040\000a\000\040\000W\000a\000l\000l}{section.4}
\BOOKMARK [2][-]{subsection.4.2}{\376\377\0004\000.\0002\000\040\000I\000n\000t\000e\000r\000m\000o\000l\000e\000c\000u\000l\000a\000r\000\040\000C\000o\000l\000l\000i\000s\000i\000o\000n\000s}{section.4}
\BOOKMARK [2][-]{subsection.4.3}{\376\377\0004\000.\0003\000\040\000A\000t\000t\000e\000n\000u\000a\000t\000i\000o\000n\000\040\000o\000f\000\040\000a\000\040\000M\000o\000l\000e\000c\000u\000l\000a\000r\000\040\000B\000e\000a\000m}{section.4}
\BOOKMARK [2][-]{subsection.4.4}{\376\377\0004\000.\0004\000\040\000M\000e\000a\000n\000-\000F\000r\000e\000e\000\040\000P\000a\000t\000h}{section.4}
\BOOKMARK [3][-]{subsubsection.4.4.1}{\376\377\0004\000.\0004\000.\0001\000\040\000D\000i\000s\000t\000r\000i\000b\000u\000t\000i\000o\000n\000\040\000o\000f\000\040\000F\000r\000e\000e\000\040\000P\000a\000t\000h\000s}{subsection.4.4}
\BOOKMARK [2][-]{subsection.4.5}{\376\377\0004\000.\0005\000\040\000P\000o\000i\000s\000s\000o\000n\000\040\000D\000i\000s\000t\000r\000i\000b\000u\000t\000i\000o\000n}{section.4}
\BOOKMARK [2][-]{subsection.4.6}{\376\377\0004\000.\0006\000\040\000T\000h\000e\000\040\000C\000r\000o\000o\000k\000e\000s\000\040\000R\000a\000d\000i\000o\000m\000e\000t\000e\000r}{section.4}
\BOOKMARK [2][-]{subsection.4.7}{\376\377\0004\000.\0007\000\040\000E\000f\000f\000u\000s\000i\000o\000n}{section.4}
\BOOKMARK [1][]{section.5}{\376\377\0005\000\040\000D\000i\000f\000f\000u\000s\000i\000o\000n}{part.1}
\BOOKMARK [2][-]{subsection.5.1}{\376\377\0005\000.\0001\000\040\000M\000o\000b\000i\000l\000i\000t\000y}{section.5}
\BOOKMARK [2][-]{subsection.5.2}{\376\377\0005\000.\0002\000\040\000T\000r\000a\000n\000s\000p\000o\000r\000t\000\040\000C\000o\000e\000f\000f\000i\000c\000i\000e\000n\000t\000s}{section.5}
\BOOKMARK [2][-]{subsection.5.3}{\376\377\0005\000.\0003\000\040\000E\000i\000n\000s\000t\000e\000i\000n\000\040\000R\000e\000l\000a\000t\000i\000o\000n}{section.5}
\BOOKMARK [2][-]{subsection.5.4}{\376\377\0005\000.\0004\000\040\000D\000i\000f\000f\000u\000s\000i\000o\000n\000\040\000E\000q\000u\000a\000t\000i\000o\000n}{section.5}
\BOOKMARK [1][]{section.6}{\376\377\0006\000\040\000B\000r\000o\000w\000n\000i\000a\000n\000\040\000M\000o\000t\000i\000o\000n}{part.1}
\BOOKMARK [2][-]{subsection.6.1}{\376\377\0006\000.\0001\000\040\000R\000a\000n\000d\000o\000m\000\040\000W\000a\000l\000k}{section.6}
\BOOKMARK [2][-]{subsection.6.2}{\376\377\0006\000.\0002\000\040\000B\000i\000n\000o\000m\000i\000a\000l\000\040\000D\000i\000s\000t\000r\000i\000b\000u\000t\000i\000o\000n}{section.6}
\BOOKMARK [3][-]{subsubsection.6.2.1}{\376\377\0006\000.\0002\000.\0001\000\040\000B\000i\000n\000o\000m\000i\000a\000l\000\040\000E\000x\000p\000a\000n\000s\000i\000o\000n}{subsection.6.2}
\BOOKMARK [3][-]{subsubsection.6.2.2}{\376\377\0006\000.\0002\000.\0002\000\040\000B\000i\000n\000o\000m\000i\000a\000l\000\040\000D\000i\000s\000t\000r\000i\000b\000u\000t\000i\000o\000n}{subsection.6.2}
\BOOKMARK [3][-]{subsubsection.6.2.3}{\376\377\0006\000.\0002\000.\0003\000\040\000M\000e\000a\000n\000\040\000a\000n\000d\000\040\000V\000a\000r\000i\000a\000n\000c\000e}{subsection.6.2}
\BOOKMARK [3][-]{subsubsection.6.2.4}{\376\377\0006\000.\0002\000.\0004\000\040\000P\000o\000i\000s\000s\000o\000n\000\040\000a\000n\000d\000\040\000G\000a\000u\000s\000s\000i\000a\000n\000\040\000D\000i\000s\000t\000r\000i\000b\000u\000t\000i\000o\000n\000s}{subsection.6.2}
\BOOKMARK [0][]{part.2}{\376\377\000I\000I\000\040\000T\000h\000e\000r\000m\000a\000l\000\040\000E\000q\000u\000i\000l\000i\000b\000r\000i\000u\000m}{}
\BOOKMARK [1][]{section.7}{\376\377\0007\000\040\000M\000i\000c\000r\000o\000-\000s\000t\000a\000t\000e\000s\000\040\000a\000n\000d\000\040\000E\000n\000t\000r\000o\000p\000y}{part.2}
\BOOKMARK [2][-]{subsection.7.1}{\376\377\0007\000.\0001\000\040\000M\000i\000c\000r\000o\000-\000s\000t\000a\000t\000e\000s\000\040\000a\000n\000d\000\040\000M\000a\000c\000r\000o\000-\000s\000t\000a\000t\000e\000s}{section.7}
\BOOKMARK [3][-]{subsubsection.7.1.1}{\376\377\0007\000.\0001\000.\0001\000\040\000P\000r\000o\000b\000a\000b\000i\000l\000i\000t\000y\000\040\000o\000f\000\040\000a\000\040\000M\000i\000c\000r\000o\000-\000s\000t\000a\000t\000e}{subsection.7.1}
\BOOKMARK [3][-]{subsubsection.7.1.2}{\376\377\0007\000.\0001\000.\0002\000\040\000P\000r\000o\000b\000a\000b\000i\000l\000i\000t\000y\000\040\000o\000f\000\040\000a\000\040\000M\000a\000c\000r\000o\000-\000s\000t\000a\000t\000e}{subsection.7.1}
\BOOKMARK [2][-]{subsection.7.2}{\376\377\0007\000.\0002\000\040\000B\000o\000l\000t\000z\000m\000a\000n\000n\000\040\000E\000n\000t\000r\000o\000p\000y}{section.7}
\BOOKMARK [3][-]{subsubsection.7.2.1}{\376\377\0007\000.\0002\000.\0001\000\040\000C\000o\000u\000n\000t\000i\000n\000g\000\040\000M\000i\000c\000r\000o\000-\000s\000t\000a\000t\000e\000s}{subsection.7.2}
\BOOKMARK [2][-]{subsection.7.3}{\376\377\0007\000.\0003\000\040\000E\000n\000t\000r\000o\000p\000y\000\040\000a\000n\000d\000\040\000D\000i\000s\000o\000r\000d\000e\000r}{section.7}
\BOOKMARK [1][]{section.8}{\376\377\0008\000\040\000T\000e\000m\000p\000e\000r\000a\000t\000u\000r\000e\000\040\000a\000n\000d\000\040\000t\000h\000e\000\040\000B\000o\000l\000t\000z\000m\000a\000n\000n\000\040\000D\000i\000s\000t\000r\000i\000b\000u\000t\000i\000o\000n}{part.2}
\BOOKMARK [2][-]{subsubsection.8.0.1}{\376\377\0008\000.\0000\000.\0001\000\040\000T\000h\000e\000r\000m\000a\000l\000l\000y\000\040\000I\000s\000o\000l\000a\000t\000e\000d\000\040\000S\000y\000s\000t\000e\000m}{section.8}
\BOOKMARK [2][-]{subsection.8.1}{\376\377\0008\000.\0001\000\040\000Z\000e\000r\000o\000t\000h\000\040\000L\000a\000w\000\040\000o\000f\000\040\000T\000h\000e\000r\000m\000o\000d\000y\000n\000a\000m\000i\000c\000s}{section.8}
\BOOKMARK [2][-]{subsection.8.2}{\376\377\0008\000.\0002\000\040\000A\000b\000s\000o\000l\000u\000t\000e\000\040\000T\000e\000m\000p\000e\000r\000a\000t\000u\000r\000e}{section.8}
\BOOKMARK [3][-]{subsubsection.8.2.1}{\376\377\0008\000.\0002\000.\0001\000\040\000H\000e\000a\000t\000\040\000B\000a\000t\000h}{subsection.8.2}
\BOOKMARK [2][-]{subsection.8.3}{\376\377\0008\000.\0003\000\040\000D\000e\000n\000s\000i\000t\000y\000\040\000o\000f\000\040\000S\000t\000a\000t\000e\000s}{section.8}
\BOOKMARK [2][-]{subsection.8.4}{\376\377\0008\000.\0004\000\040\000F\000l\000u\000c\000t\000u\000a\000t\000i\000o\000n\000s}{section.8}
\BOOKMARK [2][-]{subsection.8.5}{\376\377\0008\000.\0005\000\040\000S\000t\000a\000t\000i\000s\000t\000i\000c\000a\000l\000\040\000E\000n\000s\000e\000m\000b\000l\000e\000s}{section.8}
\BOOKMARK [1][]{section.9}{\376\377\0009\000\040\000E\000q\000u\000i\000p\000a\000r\000t\000i\000t\000i\000o\000n\000\040\000T\000h\000e\000o\000r\000e\000m}{part.2}
\BOOKMARK [2][-]{subsection.9.1}{\376\377\0009\000.\0001\000\040\000C\000l\000a\000s\000s\000i\000c\000a\000l\000\040\000H\000a\000r\000m\000o\000n\000i\000c\000\040\000O\000s\000c\000i\000l\000l\000a\000t\000o\000r}{section.9}
\BOOKMARK [2][-]{subsection.9.2}{\376\377\0009\000.\0002\000\040\000Q\000u\000a\000n\000t\000u\000m\000\040\000H\000a\000r\000m\000o\000n\000i\000c\000\040\000O\000s\000c\000i\000l\000l\000a\000t\000o\000r}{section.9}
\BOOKMARK [2][-]{subsection.9.3}{\376\377\0009\000.\0003\000\040\000E\000i\000n\000s\000t\000e\000i\000n\000\040\000T\000h\000e\000o\000r\000y\000\040\000\050\0001\0009\0000\0007\000\051}{section.9}
\BOOKMARK [2][-]{subsection.9.4}{\376\377\0009\000.\0004\000\040\000H\000e\000a\000t\000\040\000C\000a\000p\000a\000c\000i\000t\000y}{section.9}
\BOOKMARK [3][-]{subsubsection.9.4.1}{\376\377\0009\000.\0004\000.\0001\000\040\000H\000e\000a\000t\000\040\000C\000a\000p\000a\000c\000i\000t\000y\000\040\000o\000f\000\040\000S\000o\000l\000i\000d\000s}{subsection.9.4}
\BOOKMARK [3][-]{subsubsection.9.4.2}{\376\377\0009\000.\0004\000.\0002\000\040\000L\000C\000\040\000C\000i\000r\000c\000u\000i\000t}{subsection.9.4}
\BOOKMARK [1][]{section.10}{\376\377\0001\0000\000\040\000B\000l\000a\000c\000k\000\040\000B\000o\000d\000y\000\040\000R\000a\000d\000i\000a\000t\000i\000o\000n}{part.2}
\BOOKMARK [2][-]{subsection.10.1}{\376\377\0001\0000\000.\0001\000\040\000E\000l\000e\000c\000t\000r\000o\000m\000a\000g\000n\000e\000t\000i\000c\000\040\000C\000a\000v\000i\000t\000y\000\040\000M\000o\000d\000e\000s}{section.10}
\BOOKMARK [2][-]{subsection.10.2}{\376\377\0001\0000\000.\0002\000\040\000B\000l\000a\000c\000k\000\040\000B\000o\000d\000y\000\040\000S\000p\000e\000c\000t\000r\000u\000m}{section.10}
\BOOKMARK [2][-]{subsection.10.3}{\376\377\0001\0000\000.\0003\000\040\000B\000l\000a\000c\000k\000\040\000B\000o\000d\000y\000\040\000R\000a\000d\000i\000a\000t\000i\000o\000n}{section.10}
\BOOKMARK [2][-]{subsection.10.4}{\376\377\0001\0000\000.\0004\000\040\000C\000o\000s\000m\000i\000c\000\040\000M\000i\000c\000r\000o\000w\000a\000v\000e\000\040\000B\000a\000c\000k\000g\000r\000o\000u\000n\000d}{section.10}
\BOOKMARK [0][]{part.3}{\376\377\000I\000I\000I\000\040\000T\000h\000e\000r\000m\000o\000d\000y\000n\000a\000m\000i\000c\000s}{}
\BOOKMARK [1][]{section.11}{\376\377\0001\0001\000\040\000L\000a\000w\000s\000\040\000o\000f\000\040\000T\000h\000e\000r\000m\000o\000d\000y\000n\000a\000m\000i\000c\000s}{part.3}
\BOOKMARK [2][-]{subsection.11.1}{\376\377\0001\0001\000.\0001\000\040\000F\000i\000r\000s\000t\000\040\000L\000a\000w}{section.11}
\BOOKMARK [2][-]{subsection.11.2}{\376\377\0001\0001\000.\0002\000\040\000S\000e\000c\000o\000n\000d\000\040\000L\000a\000w}{section.11}
\BOOKMARK [1][]{section.12}{\376\377\0001\0002\000\040\000S\000y\000s\000t\000e\000m\000\040\000a\000n\000d\000\040\000S\000u\000r\000r\000o\000u\000n\000d\000i\000n\000g\000s}{part.3}
\BOOKMARK [2][-]{subsection.12.1}{\376\377\0001\0002\000.\0001\000\040\000I\000r\000r\000e\000v\000e\000r\000s\000i\000b\000l\000e\000\040\000P\000r\000o\000c\000e\000s\000s\000e\000s}{section.12}
\BOOKMARK [2][-]{subsection.12.2}{\376\377\0001\0002\000.\0002\000\040\000R\000e\000v\000e\000r\000s\000i\000b\000l\000e\000\040\000P\000r\000o\000c\000e\000s\000s\000e\000s}{section.12}
\BOOKMARK [2][-]{subsection.12.3}{\376\377\0001\0002\000.\0003\000\040\000R\000e\000v\000e\000r\000s\000i\000b\000l\000e\000\040\000H\000e\000a\000t\000\040\000E\000x\000c\000h\000a\000n\000g\000e}{section.12}
\BOOKMARK [2][-]{subsection.12.4}{\376\377\0001\0002\000.\0004\000\040\000L\000a\000t\000e\000n\000t\000\040\000H\000e\000a\000t}{section.12}
\BOOKMARK [2][-]{subsection.12.5}{\376\377\0001\0002\000.\0005\000\040\000R\000e\000v\000e\000r\000s\000i\000b\000l\000e\000\040\000W\000o\000r\000k}{section.12}
\BOOKMARK [1][]{section.13}{\376\377\0001\0003\000\040\000H\000e\000a\000t\000\040\000E\000n\000g\000i\000n\000e\000s}{part.3}
\BOOKMARK [2][-]{subsection.13.1}{\376\377\0001\0003\000.\0001\000\040\000C\000o\000n\000v\000e\000r\000s\000i\000o\000n\000\040\000o\000f\000\040\000H\000e\000a\000t\000\040\000i\000n\000t\000o\000\040\000W\000o\000r\000k}{section.13}
\BOOKMARK [2][-]{subsection.13.2}{\376\377\0001\0003\000.\0002\000\040\000C\000o\000n\000v\000e\000r\000s\000i\000o\000n\000\040\000o\000f\000\040\000W\000o\000r\000k\000\040\000i\000n\000t\000o\000\040\000H\000e\000a\000t}{section.13}
\BOOKMARK [2][-]{subsection.13.3}{\376\377\0001\0003\000.\0003\000\040\000K\000e\000l\000v\000i\000n\000\040\000S\000t\000a\000t\000e\000m\000e\000n\000t\000\040\000o\000f\000\040\0002\000n\000d\000\040\000L\000a\000w}{section.13}
\BOOKMARK [2][-]{subsection.13.4}{\376\377\0001\0003\000.\0004\000\040\000T\000h\000e\000\040\000C\000a\000r\000n\000o\000t\000\040\000C\000y\000c\000l\000e}{section.13}
\BOOKMARK [3][-]{subsubsection.13.4.1}{\376\377\0001\0003\000.\0004\000.\0001\000\040\000E\000f\000f\000i\000c\000i\000e\000n\000c\000y\000\040\000o\000f\000\040\000t\000h\000e\000\040\000C\000a\000r\000n\000o\000t\000\040\000C\000y\000c\000l\000e}{subsection.13.4}
\BOOKMARK [3][-]{subsubsection.13.4.2}{\376\377\0001\0003\000.\0004\000.\0002\000\040\000T\000h\000e\000\040\000R\000a\000n\000k\000i\000n\000e\000\040\000S\000e\000c\000t\000i\000o\000n}{subsection.13.4}
